app/build/intermediates/manifest_merge_blame_file/debug/manifest-merger-blame-debug-report.txt
1<?xml version="1.0" encoding="utf-8"?>
2<manifest xmlns:android="http://schemas.android.com/apk/res/android"
3    package="com.timeclock.app"
4    android:versionCode="1"
5    android:versionName="1.0" >
6
7    <uses-sdk
8        android:minSdkVersion="26"
9        android:targetSdkVersion="34" />
10
11    <uses-permission android:name="android.permission.ACCESS_FINE_LOCATION" />
11-->src/main/AndroidManifest.xml:4:5-79
11-->src/main/AndroidManifest.xml:4:22-76
12    <uses-permission android:name="android.permission.ACCESS_COARSE_LOCATION" />
12-->src/main/AndroidManifest.xml:5:5-81
12-->src/main/AndroidManifest.xml:5:22-78
13    <uses-permission android:name="android.permission.POST_NOTIFICATIONS" />
13-->src/main/AndroidManifest.xml:6:5-77
13-->src/main/AndroidManifest.xml:6:22-74
14    <uses-permission android:name="android.permission.SCHEDULE_EXACT_ALARM" />
14-->src/main/AndroidManifest.xml:7:5-79
14-->src/main/AndroidManifest.xml:7:22-76
15    <uses-permission android:name="android.permission.RECEIVE_BOOT_COMPLETED" />
15-->src/main/AndroidManifest.xml:8:5-81
15-->src/main/AndroidManifest.xml:8:22-78
16
17    <permission
17-->[androidx.core:core:1.12.0] AndroidManifest.xml:22:5-24:47
18        android:name="com.timeclock.app.DYNAMIC_RECEIVER_NOT_EXPORTED_PERMISSION"
18-->[androidx.core:core:1.12.0] AndroidManifest.xml:23:9-81
19        android:protectionLevel="signature" />
19-->[androidx.core:core:1.12.0] AndroidManifest.xml:24:9-44
20
21    <uses-permission android:name="com.timeclock.app.DYNAMIC_RECEIVER_NOT_EXPORTED_PERMISSION" />
21-->[androidx.core:core:1.12.0] AndroidManifest.xml:26:5-97
21-->[androidx.core:core:1.12.0] AndroidManifest.xml:26:22-94
22
23    <application
23-->src/main/AndroidManifest.xml:10:5-36:19
24        android:allowBackup="true"
24-->src/main/AndroidManifest.xml:11:9-35
25        android:appComponentFactory="androidx.core.app.CoreComponentFactory"
25-->[androidx.core:core:1.12.0] AndroidManifest.xml:28:18-86
26        android:debuggable="true"
27        android:extractNativeLibs="false"
28        android:label="@string/app_name"
28-->src/main/AndroidManifest.xml:12:9-41
29        android:theme="@style/Theme.TimeClock" >
29-->src/main/AndroidManifest.xml:13:9-47
30        <activity
30-->src/main/AndroidManifest.xml:15:9-22:20
31            android:name="com.timeclock.app.MainActivity"
31-->src/main/AndroidManifest.xml:16:13-41
32            android:exported="true" >
32-->src/main/AndroidManifest.xml:17:13-36
33            <intent-filter>
33-->src/main/AndroidManifest.xml:18:13-21:29
34                <action android:name="android.intent.action.MAIN" />
34-->src/main/AndroidManifest.xml:19:17-69
34-->src/main/AndroidManifest.xml:19:25-66
35
36                <category android:name="android.intent.category.LAUNCHER" />
36-->src/main/AndroidManifest.xml:20:17-77
36-->src/main/AndroidManifest.xml:20:27-74
37            </intent-filter>
38        </activity>
39
40        <receiver
40-->src/main/AndroidManifest.xml:24:9-26:40
41            android:name="com.timeclock.app.AlarmReceiver"
41-->src/main/AndroidManifest.xml:25:13-42
42            android:exported="false" />
42-->src/main/AndroidManifest.xml:26:13-37
43        <receiver
43-->src/main/AndroidManifest.xml:28:9-34:20
44            android:name="com.timeclock.app.BootReceiver"
44-->src/main/AndroidManifest.xml:29:13-41
45            android:exported="true" >
45-->src/main/AndroidManifest.xml:30:13-36
46            <intent-filter>
46-->src/main/AndroidManifest.xml:31:13-33:29
47                <action android:name="android.intent.action.BOOT_COMPLETED" />
47-->src/main/AndroidManifest.xml:32:17-79
47-->src/main/AndroidManifest.xml:32:25-76
48            </intent-filter>
49        </receiver>
50
51        <activity
51-->[androidx.compose.ui:ui-tooling-android:1.6.1] AndroidManifest.xml:23:9-25:39
52            android:name="androidx.compose.ui.tooling.PreviewActivity"
52-->[androidx.compose.ui:ui-tooling-android:1.6.1] AndroidManifest.xml:24:13-71
53            android:exported="true" />
53-->[androidx.compose.ui:ui-tooling-android:1.6.1] AndroidManifest.xml:25:13-36
54        <activity
54-->[com.google.android.gms:play-services-base:18.1.0] AndroidManifest.xml:20:9-22:45
55            android:name="com.google.android.gms.common.api.GoogleApiActivity"
55-->[com.google.android.gms:play-services-base:18.1.0] AndroidManifest.xml:20:19-85
56            android:exported="false"
56-->[com.google.android.gms:play-services-base:18.1.0] AndroidManifest.xml:22:19-43
57            android:theme="@android:style/Theme.Translucent.NoTitleBar" />
57-->[com.google.android.gms:play-services-base:18.1.0] AndroidManifest.xml:21:19-78
58
59        <meta-data
59-->[com.google.android.gms:play-services-basement:18.1.0] AndroidManifest.xml:21:9-23:69
60            android:name="com.google.android.gms.version"
60-->[com.google.android.gms:play-services-basement:18.1.0] AndroidManifest.xml:22:13-58
61            android:value="@integer/google_play_services_version" />
61-->[com.google.android.gms:play-services-basement:18.1.0] AndroidManifest.xml:23:13-66
62
63        <provider
63-->[androidx.emoji2:emoji2:1.3.0] AndroidManifest.xml:24:9-32:20
64            android:name="androidx.startup.InitializationProvider"
64-->[androidx.emoji2:emoji2:1.3.0] AndroidManifest.xml:25:13-67
65            android:authorities="com.timeclock.app.androidx-startup"
65-->[androidx.emoji2:emoji2:1.3.0] AndroidManifest.xml:26:13-68
66            android:exported="false" >
66-->[androidx.emoji2:emoji2:1.3.0] AndroidManifest.xml:27:13-37
67            <meta-data
67-->[androidx.emoji2:emoji2:1.3.0] AndroidManifest.xml:29:13-31:52
68                android:name="androidx.emoji2.text.EmojiCompatInitializer"
68-->[androidx.emoji2:emoji2:1.3.0] AndroidManifest.xml:30:17-75
69                android:value="androidx.startup" />
69-->[androidx.emoji2:emoji2:1.3.0] AndroidManifest.xml:31:17-49
70            <meta-data
70-->[androidx.lifecycle:lifecycle-process:2.7.0] AndroidManifest.xml:29:13-31:52
71                android:name="androidx.lifecycle.ProcessLifecycleInitializer"
71-->[androidx.lifecycle:lifecycle-process:2.7.0] AndroidManifest.xml:30:17-78
72                android:value="androidx.startup" />
72-->[androidx.lifecycle:lifecycle-process:2.7.0] AndroidManifest.xml:31:17-49
73            <meta-data
73-->[androidx.profileinstaller:profileinstaller:1.3.0] AndroidManifest.xml:29:13-31:52
74                android:name="androidx.profileinstaller.ProfileInstallerInitializer"
74-->[androidx.profileinstaller:profileinstaller:1.3.0] AndroidManifest.xml:30:17-85
75                android:value="androidx.startup" />
75-->[androidx.profileinstaller:profileinstaller:1.3.0] AndroidManifest.xml:31:17-49
76        </provider>
77
78        <receiver
78-->[androidx.profileinstaller:profileinstaller:1.3.0] AndroidManifest.xml:34:9-52:20
79            android:name="androidx.profileinstaller.ProfileInstallReceiver"
79-->[androidx.profileinstaller:profileinstaller:1.3.0] AndroidManifest.xml:35:13-76
80            android:directBootAware="false"
80-->[androidx.profileinstaller:profileinstaller:1.3.0] AndroidManifest.xml:36:13-44
81            android:enabled="true"
81-->[androidx.profileinstaller:profileinstaller:1.3.0] AndroidManifest.xml:37:13-35
82            android:exported="true"
82-->[androidx.profileinstaller:profileinstaller:1.3.0] AndroidManifest.xml:38:13-36
83            android:permission="android.permission.DUMP" >
83-->[androidx.profileinstaller:profileinstaller:1.3.0] AndroidManifest.xml:39:13-57
84            <intent-filter>
84-->[androidx.profileinstaller:profileinstaller:1.3.0] AndroidManifest.xml:40:13-42:29
85                <action android:name="androidx.profileinstaller.action.INSTALL_PROFILE" />
85-->[androidx.profileinstaller:profileinstaller:1.3.0] AndroidManifest.xml:41:17-91
85-->[androidx.profileinstaller:profileinstaller:1.3.0] AndroidManifest.xml:41:25-88
86            </intent-filter>
87            <intent-filter>
87-->[androidx.profileinstaller:profileinstaller:1.3.0] AndroidManifest.xml:43:13-45:29
88                <action android:name="androidx.profileinstaller.action.SKIP_FILE" />
88-->[androidx.profileinstaller:profileinstaller:1.3.0] AndroidManifest.xml:44:17-85
88-->[androidx.profileinstaller:profileinstaller:1.3.0] AndroidManifest.xml:44:25-82
89            </intent-filter>
90            <intent-filter>
90-->[androidx.profileinstaller:profileinstaller:1.3.0] AndroidManifest.xml:46:13-48:29
91                <action android:name="androidx.profileinstaller.action.SAVE_PROFILE" />
91-->[androidx.profileinstaller:profileinstaller:1.3.0] AndroidManifest.xml:47:17-88
91-->[androidx.profileinstaller:profileinstaller:1.3.0] AndroidManifest.xml:47:25-85
92            </intent-filter>
93            <intent-filter>
93-->[androidx.profileinstaller:profileinstaller:1.3.0] AndroidManifest.xml:49:13-51:29
94                <action android:name="androidx.profileinstaller.action.BENCHMARK_OPERATION" />
94-->[androidx.profileinstaller:profileinstaller:1.3.0] AndroidManifest.xml:50:17-95
94-->[androidx.profileinstaller:profileinstaller:1.3.0] AndroidManifest.xml:50:25-92
95            </intent-filter>
96        </receiver>
97    </application>
98
99</manifest>